ERROR - 2025-04-21 16:26:55 --> Error connecting to the database: mysqli_sql_exception: Unknown database 'sistema_web' in C:\wamp64\www\web.local\system\Database\MySQLi\Connection.php:173
Stack trace:
#0 C:\wamp64\www\web.local\system\Database\MySQLi\Connection.php(173): mysqli->real_connect('localhost', 'root', Object(SensitiveParameterValue), 'sistema_web', 3306, '', 0)
#1 C:\wamp64\www\web.local\system\Database\BaseConnection.php(391): CodeIgniter\Database\MySQLi\Connection->connect(false)
#2 C:\wamp64\www\web.local\system\Database\BaseConnection.php(574): CodeIgniter\Database\BaseConnection->initialize()
#3 C:\wamp64\www\web.local\system\Database\BaseBuilder.php(1616): CodeIgniter\Database\BaseConnection->query('SELECT *\nFROM `...', Array, false)
#4 C:\wamp64\www\web.local\system\Model.php(241): CodeIgniter\Database\BaseBuilder->get()
#5 C:\wamp64\www\web.local\system\BaseModel.php(618): CodeIgniter\Model->doFindAll(0, 0)
#6 C:\wamp64\www\web.local\app\Controllers\Produtos.php(15): CodeIgniter\BaseModel->findAll()
#7 C:\wamp64\www\web.local\system\CodeIgniter.php(932): App\Controllers\Produtos->listar()
#8 C:\wamp64\www\web.local\system\CodeIgniter.php(497): CodeIgniter\CodeIgniter->runController(Object(App\Controllers\Produtos))
#9 C:\wamp64\www\web.local\system\CodeIgniter.php(366): CodeIgniter\CodeIgniter->handleRequest(NULL, Object(Config\Cache), false)
#10 C:\wamp64\www\web.local\public\index.php(67): CodeIgniter\CodeIgniter->run()
#11 C:\wamp64\www\web.local\system\Commands\Server\rewrite.php(47): require_once('C:\\wamp64\\www\\w...')
#12 {main}

Next CodeIgniter\Database\Exceptions\DatabaseException: Unknown database 'sistema_web' in C:\wamp64\www\web.local\system\Database\MySQLi\Connection.php:218
Stack trace:
#0 C:\wamp64\www\web.local\system\Database\BaseConnection.php(391): CodeIgniter\Database\MySQLi\Connection->connect(false)
#1 C:\wamp64\www\web.local\system\Database\BaseConnection.php(574): CodeIgniter\Database\BaseConnection->initialize()
#2 C:\wamp64\www\web.local\system\Database\BaseBuilder.php(1616): CodeIgniter\Database\BaseConnection->query('SELECT *\nFROM `...', Array, false)
#3 C:\wamp64\www\web.local\system\Model.php(241): CodeIgniter\Database\BaseBuilder->get()
#4 C:\wamp64\www\web.local\system\BaseModel.php(618): CodeIgniter\Model->doFindAll(0, 0)
#5 C:\wamp64\www\web.local\app\Controllers\Produtos.php(15): CodeIgniter\BaseModel->findAll()
#6 C:\wamp64\www\web.local\system\CodeIgniter.php(932): App\Controllers\Produtos->listar()
#7 C:\wamp64\www\web.local\system\CodeIgniter.php(497): CodeIgniter\CodeIgniter->runController(Object(App\Controllers\Produtos))
#8 C:\wamp64\www\web.local\system\CodeIgniter.php(366): CodeIgniter\CodeIgniter->handleRequest(NULL, Object(Config\Cache), false)
#9 C:\wamp64\www\web.local\public\index.php(67): CodeIgniter\CodeIgniter->run()
#10 C:\wamp64\www\web.local\system\Commands\Server\rewrite.php(47): require_once('C:\\wamp64\\www\\w...')
#11 {main}
CRITICAL - 2025-04-21 16:26:55 --> Unable to connect to the database.
Main connection [MySQLi]: Unknown database 'sistema_web'
in SYSTEMPATH\Database\BaseConnection.php on line 427.
 1 SYSTEMPATH\Database\BaseConnection.php(574): CodeIgniter\Database\BaseConnection->initialize()
 2 SYSTEMPATH\Database\BaseBuilder.php(1616): CodeIgniter\Database\BaseConnection->query('SELECT *
FROM `produtos`', [], false)
 3 SYSTEMPATH\Model.php(241): CodeIgniter\Database\BaseBuilder->get()
 4 SYSTEMPATH\BaseModel.php(618): CodeIgniter\Model->doFindAll(0, 0)
 5 APPPATH\Controllers\Produtos.php(15): CodeIgniter\BaseModel->findAll()
 6 SYSTEMPATH\CodeIgniter.php(932): App\Controllers\Produtos->listar()
 7 SYSTEMPATH\CodeIgniter.php(497): CodeIgniter\CodeIgniter->runController(Object(App\Controllers\Produtos))
 8 SYSTEMPATH\CodeIgniter.php(366): CodeIgniter\CodeIgniter->handleRequest(null, Object(Config\Cache), false)
 9 FCPATH\index.php(67): CodeIgniter\CodeIgniter->run()
10 SYSTEMPATH\Commands\Server\rewrite.php(47): require_once('C:\\wamp64\\www\\web.local\\public\\index.php')
ERROR - 2025-04-21 16:28:40 --> Error connecting to the database: mysqli_sql_exception: Unknown database 'sistema_web' in C:\wamp64\www\web.local\system\Database\MySQLi\Connection.php:173
Stack trace:
#0 C:\wamp64\www\web.local\system\Database\MySQLi\Connection.php(173): mysqli->real_connect('localhost', 'root', Object(SensitiveParameterValue), 'sistema_web', 3306, '', 0)
#1 C:\wamp64\www\web.local\system\Database\BaseConnection.php(391): CodeIgniter\Database\MySQLi\Connection->connect(false)
#2 C:\wamp64\www\web.local\system\Database\BaseConnection.php(574): CodeIgniter\Database\BaseConnection->initialize()
#3 C:\wamp64\www\web.local\system\Database\BaseBuilder.php(1616): CodeIgniter\Database\BaseConnection->query('SELECT *\nFROM `...', Array, false)
#4 C:\wamp64\www\web.local\system\Model.php(241): CodeIgniter\Database\BaseBuilder->get()
#5 C:\wamp64\www\web.local\system\BaseModel.php(618): CodeIgniter\Model->doFindAll(0, 0)
#6 C:\wamp64\www\web.local\app\Controllers\Produtos.php(15): CodeIgniter\BaseModel->findAll()
#7 C:\wamp64\www\web.local\system\CodeIgniter.php(932): App\Controllers\Produtos->listar()
#8 C:\wamp64\www\web.local\system\CodeIgniter.php(497): CodeIgniter\CodeIgniter->runController(Object(App\Controllers\Produtos))
#9 C:\wamp64\www\web.local\system\CodeIgniter.php(366): CodeIgniter\CodeIgniter->handleRequest(NULL, Object(Config\Cache), false)
#10 C:\wamp64\www\web.local\public\index.php(67): CodeIgniter\CodeIgniter->run()
#11 C:\wamp64\www\web.local\system\Commands\Server\rewrite.php(47): require_once('C:\\wamp64\\www\\w...')
#12 {main}

Next CodeIgniter\Database\Exceptions\DatabaseException: Unknown database 'sistema_web' in C:\wamp64\www\web.local\system\Database\MySQLi\Connection.php:218
Stack trace:
#0 C:\wamp64\www\web.local\system\Database\BaseConnection.php(391): CodeIgniter\Database\MySQLi\Connection->connect(false)
#1 C:\wamp64\www\web.local\system\Database\BaseConnection.php(574): CodeIgniter\Database\BaseConnection->initialize()
#2 C:\wamp64\www\web.local\system\Database\BaseBuilder.php(1616): CodeIgniter\Database\BaseConnection->query('SELECT *\nFROM `...', Array, false)
#3 C:\wamp64\www\web.local\system\Model.php(241): CodeIgniter\Database\BaseBuilder->get()
#4 C:\wamp64\www\web.local\system\BaseModel.php(618): CodeIgniter\Model->doFindAll(0, 0)
#5 C:\wamp64\www\web.local\app\Controllers\Produtos.php(15): CodeIgniter\BaseModel->findAll()
#6 C:\wamp64\www\web.local\system\CodeIgniter.php(932): App\Controllers\Produtos->listar()
#7 C:\wamp64\www\web.local\system\CodeIgniter.php(497): CodeIgniter\CodeIgniter->runController(Object(App\Controllers\Produtos))
#8 C:\wamp64\www\web.local\system\CodeIgniter.php(366): CodeIgniter\CodeIgniter->handleRequest(NULL, Object(Config\Cache), false)
#9 C:\wamp64\www\web.local\public\index.php(67): CodeIgniter\CodeIgniter->run()
#10 C:\wamp64\www\web.local\system\Commands\Server\rewrite.php(47): require_once('C:\\wamp64\\www\\w...')
#11 {main}
CRITICAL - 2025-04-21 16:28:40 --> Unable to connect to the database.
Main connection [MySQLi]: Unknown database 'sistema_web'
in SYSTEMPATH\Database\BaseConnection.php on line 427.
 1 SYSTEMPATH\Database\BaseConnection.php(574): CodeIgniter\Database\BaseConnection->initialize()
 2 SYSTEMPATH\Database\BaseBuilder.php(1616): CodeIgniter\Database\BaseConnection->query('SELECT *
FROM `produtos`', [], false)
 3 SYSTEMPATH\Model.php(241): CodeIgniter\Database\BaseBuilder->get()
 4 SYSTEMPATH\BaseModel.php(618): CodeIgniter\Model->doFindAll(0, 0)
 5 APPPATH\Controllers\Produtos.php(15): CodeIgniter\BaseModel->findAll()
 6 SYSTEMPATH\CodeIgniter.php(932): App\Controllers\Produtos->listar()
 7 SYSTEMPATH\CodeIgniter.php(497): CodeIgniter\CodeIgniter->runController(Object(App\Controllers\Produtos))
 8 SYSTEMPATH\CodeIgniter.php(366): CodeIgniter\CodeIgniter->handleRequest(null, Object(Config\Cache), false)
 9 FCPATH\index.php(67): CodeIgniter\CodeIgniter->run()
10 SYSTEMPATH\Commands\Server\rewrite.php(47): require_once('C:\\wamp64\\www\\web.local\\public\\index.php')
ERROR - 2025-04-21 16:28:41 --> Error connecting to the database: mysqli_sql_exception: Unknown database 'sistema_web' in C:\wamp64\www\web.local\system\Database\MySQLi\Connection.php:173
Stack trace:
#0 C:\wamp64\www\web.local\system\Database\MySQLi\Connection.php(173): mysqli->real_connect('localhost', 'root', Object(SensitiveParameterValue), 'sistema_web', 3306, '', 0)
#1 C:\wamp64\www\web.local\system\Database\BaseConnection.php(391): CodeIgniter\Database\MySQLi\Connection->connect(false)
#2 C:\wamp64\www\web.local\system\Database\BaseConnection.php(574): CodeIgniter\Database\BaseConnection->initialize()
#3 C:\wamp64\www\web.local\system\Database\BaseBuilder.php(1616): CodeIgniter\Database\BaseConnection->query('SELECT *\nFROM `...', Array, false)
#4 C:\wamp64\www\web.local\system\Model.php(241): CodeIgniter\Database\BaseBuilder->get()
#5 C:\wamp64\www\web.local\system\BaseModel.php(618): CodeIgniter\Model->doFindAll(0, 0)
#6 C:\wamp64\www\web.local\app\Controllers\Produtos.php(15): CodeIgniter\BaseModel->findAll()
#7 C:\wamp64\www\web.local\system\CodeIgniter.php(932): App\Controllers\Produtos->listar()
#8 C:\wamp64\www\web.local\system\CodeIgniter.php(497): CodeIgniter\CodeIgniter->runController(Object(App\Controllers\Produtos))
#9 C:\wamp64\www\web.local\system\CodeIgniter.php(366): CodeIgniter\CodeIgniter->handleRequest(NULL, Object(Config\Cache), false)
#10 C:\wamp64\www\web.local\public\index.php(67): CodeIgniter\CodeIgniter->run()
#11 C:\wamp64\www\web.local\system\Commands\Server\rewrite.php(47): require_once('C:\\wamp64\\www\\w...')
#12 {main}

Next CodeIgniter\Database\Exceptions\DatabaseException: Unknown database 'sistema_web' in C:\wamp64\www\web.local\system\Database\MySQLi\Connection.php:218
Stack trace:
#0 C:\wamp64\www\web.local\system\Database\BaseConnection.php(391): CodeIgniter\Database\MySQLi\Connection->connect(false)
#1 C:\wamp64\www\web.local\system\Database\BaseConnection.php(574): CodeIgniter\Database\BaseConnection->initialize()
#2 C:\wamp64\www\web.local\system\Database\BaseBuilder.php(1616): CodeIgniter\Database\BaseConnection->query('SELECT *\nFROM `...', Array, false)
#3 C:\wamp64\www\web.local\system\Model.php(241): CodeIgniter\Database\BaseBuilder->get()
#4 C:\wamp64\www\web.local\system\BaseModel.php(618): CodeIgniter\Model->doFindAll(0, 0)
#5 C:\wamp64\www\web.local\app\Controllers\Produtos.php(15): CodeIgniter\BaseModel->findAll()
#6 C:\wamp64\www\web.local\system\CodeIgniter.php(932): App\Controllers\Produtos->listar()
#7 C:\wamp64\www\web.local\system\CodeIgniter.php(497): CodeIgniter\CodeIgniter->runController(Object(App\Controllers\Produtos))
#8 C:\wamp64\www\web.local\system\CodeIgniter.php(366): CodeIgniter\CodeIgniter->handleRequest(NULL, Object(Config\Cache), false)
#9 C:\wamp64\www\web.local\public\index.php(67): CodeIgniter\CodeIgniter->run()
#10 C:\wamp64\www\web.local\system\Commands\Server\rewrite.php(47): require_once('C:\\wamp64\\www\\w...')
#11 {main}
CRITICAL - 2025-04-21 16:28:41 --> Unable to connect to the database.
Main connection [MySQLi]: Unknown database 'sistema_web'
in SYSTEMPATH\Database\BaseConnection.php on line 427.
 1 SYSTEMPATH\Database\BaseConnection.php(574): CodeIgniter\Database\BaseConnection->initialize()
 2 SYSTEMPATH\Database\BaseBuilder.php(1616): CodeIgniter\Database\BaseConnection->query('SELECT *
FROM `produtos`', [], false)
 3 SYSTEMPATH\Model.php(241): CodeIgniter\Database\BaseBuilder->get()
 4 SYSTEMPATH\BaseModel.php(618): CodeIgniter\Model->doFindAll(0, 0)
 5 APPPATH\Controllers\Produtos.php(15): CodeIgniter\BaseModel->findAll()
 6 SYSTEMPATH\CodeIgniter.php(932): App\Controllers\Produtos->listar()
 7 SYSTEMPATH\CodeIgniter.php(497): CodeIgniter\CodeIgniter->runController(Object(App\Controllers\Produtos))
 8 SYSTEMPATH\CodeIgniter.php(366): CodeIgniter\CodeIgniter->handleRequest(null, Object(Config\Cache), false)
 9 FCPATH\index.php(67): CodeIgniter\CodeIgniter->run()
10 SYSTEMPATH\Commands\Server\rewrite.php(47): require_once('C:\\wamp64\\www\\web.local\\public\\index.php')
ERROR - 2025-04-21 16:28:45 --> Error connecting to the database: mysqli_sql_exception: Unknown database 'sistema_web' in C:\wamp64\www\web.local\system\Database\MySQLi\Connection.php:173
Stack trace:
#0 C:\wamp64\www\web.local\system\Database\MySQLi\Connection.php(173): mysqli->real_connect('localhost', 'root', Object(SensitiveParameterValue), 'sistema_web', 3306, '', 0)
#1 C:\wamp64\www\web.local\system\Database\BaseConnection.php(391): CodeIgniter\Database\MySQLi\Connection->connect(false)
#2 C:\wamp64\www\web.local\system\Database\BaseConnection.php(574): CodeIgniter\Database\BaseConnection->initialize()
#3 C:\wamp64\www\web.local\system\Database\BaseBuilder.php(1616): CodeIgniter\Database\BaseConnection->query('SELECT *\nFROM `...', Array, false)
#4 C:\wamp64\www\web.local\system\Model.php(241): CodeIgniter\Database\BaseBuilder->get()
#5 C:\wamp64\www\web.local\system\BaseModel.php(618): CodeIgniter\Model->doFindAll(0, 0)
#6 C:\wamp64\www\web.local\app\Controllers\Produtos.php(15): CodeIgniter\BaseModel->findAll()
#7 C:\wamp64\www\web.local\system\CodeIgniter.php(932): App\Controllers\Produtos->listar()
#8 C:\wamp64\www\web.local\system\CodeIgniter.php(497): CodeIgniter\CodeIgniter->runController(Object(App\Controllers\Produtos))
#9 C:\wamp64\www\web.local\system\CodeIgniter.php(366): CodeIgniter\CodeIgniter->handleRequest(NULL, Object(Config\Cache), false)
#10 C:\wamp64\www\web.local\public\index.php(67): CodeIgniter\CodeIgniter->run()
#11 C:\wamp64\www\web.local\system\Commands\Server\rewrite.php(47): require_once('C:\\wamp64\\www\\w...')
#12 {main}

Next CodeIgniter\Database\Exceptions\DatabaseException: Unknown database 'sistema_web' in C:\wamp64\www\web.local\system\Database\MySQLi\Connection.php:218
Stack trace:
#0 C:\wamp64\www\web.local\system\Database\BaseConnection.php(391): CodeIgniter\Database\MySQLi\Connection->connect(false)
#1 C:\wamp64\www\web.local\system\Database\BaseConnection.php(574): CodeIgniter\Database\BaseConnection->initialize()
#2 C:\wamp64\www\web.local\system\Database\BaseBuilder.php(1616): CodeIgniter\Database\BaseConnection->query('SELECT *\nFROM `...', Array, false)
#3 C:\wamp64\www\web.local\system\Model.php(241): CodeIgniter\Database\BaseBuilder->get()
#4 C:\wamp64\www\web.local\system\BaseModel.php(618): CodeIgniter\Model->doFindAll(0, 0)
#5 C:\wamp64\www\web.local\app\Controllers\Produtos.php(15): CodeIgniter\BaseModel->findAll()
#6 C:\wamp64\www\web.local\system\CodeIgniter.php(932): App\Controllers\Produtos->listar()
#7 C:\wamp64\www\web.local\system\CodeIgniter.php(497): CodeIgniter\CodeIgniter->runController(Object(App\Controllers\Produtos))
#8 C:\wamp64\www\web.local\system\CodeIgniter.php(366): CodeIgniter\CodeIgniter->handleRequest(NULL, Object(Config\Cache), false)
#9 C:\wamp64\www\web.local\public\index.php(67): CodeIgniter\CodeIgniter->run()
#10 C:\wamp64\www\web.local\system\Commands\Server\rewrite.php(47): require_once('C:\\wamp64\\www\\w...')
#11 {main}
CRITICAL - 2025-04-21 16:28:45 --> Unable to connect to the database.
Main connection [MySQLi]: Unknown database 'sistema_web'
in SYSTEMPATH\Database\BaseConnection.php on line 427.
 1 SYSTEMPATH\Database\BaseConnection.php(574): CodeIgniter\Database\BaseConnection->initialize()
 2 SYSTEMPATH\Database\BaseBuilder.php(1616): CodeIgniter\Database\BaseConnection->query('SELECT *
FROM `produtos`', [], false)
 3 SYSTEMPATH\Model.php(241): CodeIgniter\Database\BaseBuilder->get()
 4 SYSTEMPATH\BaseModel.php(618): CodeIgniter\Model->doFindAll(0, 0)
 5 APPPATH\Controllers\Produtos.php(15): CodeIgniter\BaseModel->findAll()
 6 SYSTEMPATH\CodeIgniter.php(932): App\Controllers\Produtos->listar()
 7 SYSTEMPATH\CodeIgniter.php(497): CodeIgniter\CodeIgniter->runController(Object(App\Controllers\Produtos))
 8 SYSTEMPATH\CodeIgniter.php(366): CodeIgniter\CodeIgniter->handleRequest(null, Object(Config\Cache), false)
 9 FCPATH\index.php(67): CodeIgniter\CodeIgniter->run()
10 SYSTEMPATH\Commands\Server\rewrite.php(47): require_once('C:\\wamp64\\www\\web.local\\public\\index.php')
ERROR - 2025-04-21 16:32:51 --> mysqli_sql_exception: Table 'cadastros.produtos' doesn't exist in C:\wamp64\www\web.local\system\Database\MySQLi\Connection.php:295
Stack trace:
#0 C:\wamp64\www\web.local\system\Database\MySQLi\Connection.php(295): mysqli->query('SELECT *\nFROM `...', 0)
#1 C:\wamp64\www\web.local\system\Database\BaseConnection.php(692): CodeIgniter\Database\MySQLi\Connection->execute('SELECT *\nFROM `...')
#2 C:\wamp64\www\web.local\system\Database\BaseConnection.php(606): CodeIgniter\Database\BaseConnection->simpleQuery('SELECT *\nFROM `...')
#3 C:\wamp64\www\web.local\system\Database\BaseBuilder.php(1616): CodeIgniter\Database\BaseConnection->query('SELECT *\nFROM `...', Array, false)
#4 C:\wamp64\www\web.local\system\Model.php(241): CodeIgniter\Database\BaseBuilder->get()
#5 C:\wamp64\www\web.local\system\BaseModel.php(618): CodeIgniter\Model->doFindAll(0, 0)
#6 C:\wamp64\www\web.local\app\Controllers\Produtos.php(15): CodeIgniter\BaseModel->findAll()
#7 C:\wamp64\www\web.local\system\CodeIgniter.php(932): App\Controllers\Produtos->listar()
#8 C:\wamp64\www\web.local\system\CodeIgniter.php(497): CodeIgniter\CodeIgniter->runController(Object(App\Controllers\Produtos))
#9 C:\wamp64\www\web.local\system\CodeIgniter.php(366): CodeIgniter\CodeIgniter->handleRequest(NULL, Object(Config\Cache), false)
#10 C:\wamp64\www\web.local\public\index.php(67): CodeIgniter\CodeIgniter->run()
#11 C:\wamp64\www\web.local\system\Commands\Server\rewrite.php(47): require_once('C:\\wamp64\\www\\w...')
#12 {main}
CRITICAL - 2025-04-21 16:32:51 --> Table 'cadastros.produtos' doesn't exist
in SYSTEMPATH\Database\MySQLi\Connection.php on line 295.
 1 SYSTEMPATH\Database\MySQLi\Connection.php(295): mysqli->query('SELECT *
FROM `produtos`', 0)
 2 SYSTEMPATH\Database\BaseConnection.php(692): CodeIgniter\Database\MySQLi\Connection->execute('SELECT *
FROM `produtos`')
 3 SYSTEMPATH\Database\BaseConnection.php(606): CodeIgniter\Database\BaseConnection->simpleQuery('SELECT *
FROM `produtos`')
 4 SYSTEMPATH\Database\BaseBuilder.php(1616): CodeIgniter\Database\BaseConnection->query('SELECT *
FROM `produtos`', [], false)
 5 SYSTEMPATH\Model.php(241): CodeIgniter\Database\BaseBuilder->get()
 6 SYSTEMPATH\BaseModel.php(618): CodeIgniter\Model->doFindAll(0, 0)
 7 APPPATH\Controllers\Produtos.php(15): CodeIgniter\BaseModel->findAll()
 8 SYSTEMPATH\CodeIgniter.php(932): App\Controllers\Produtos->listar()
 9 SYSTEMPATH\CodeIgniter.php(497): CodeIgniter\CodeIgniter->runController(Object(App\Controllers\Produtos))
10 SYSTEMPATH\CodeIgniter.php(366): CodeIgniter\CodeIgniter->handleRequest(null, Object(Config\Cache), false)
11 FCPATH\index.php(67): CodeIgniter\CodeIgniter->run()
12 SYSTEMPATH\Commands\Server\rewrite.php(47): require_once('C:\\wamp64\\www\\web.local\\public\\index.php')
ERROR - 2025-04-21 16:32:52 --> mysqli_sql_exception: Table 'cadastros.produtos' doesn't exist in C:\wamp64\www\web.local\system\Database\MySQLi\Connection.php:295
Stack trace:
#0 C:\wamp64\www\web.local\system\Database\MySQLi\Connection.php(295): mysqli->query('SELECT *\nFROM `...', 0)
#1 C:\wamp64\www\web.local\system\Database\BaseConnection.php(692): CodeIgniter\Database\MySQLi\Connection->execute('SELECT *\nFROM `...')
#2 C:\wamp64\www\web.local\system\Database\BaseConnection.php(606): CodeIgniter\Database\BaseConnection->simpleQuery('SELECT *\nFROM `...')
#3 C:\wamp64\www\web.local\system\Database\BaseBuilder.php(1616): CodeIgniter\Database\BaseConnection->query('SELECT *\nFROM `...', Array, false)
#4 C:\wamp64\www\web.local\system\Model.php(241): CodeIgniter\Database\BaseBuilder->get()
#5 C:\wamp64\www\web.local\system\BaseModel.php(618): CodeIgniter\Model->doFindAll(0, 0)
#6 C:\wamp64\www\web.local\app\Controllers\Produtos.php(15): CodeIgniter\BaseModel->findAll()
#7 C:\wamp64\www\web.local\system\CodeIgniter.php(932): App\Controllers\Produtos->listar()
#8 C:\wamp64\www\web.local\system\CodeIgniter.php(497): CodeIgniter\CodeIgniter->runController(Object(App\Controllers\Produtos))
#9 C:\wamp64\www\web.local\system\CodeIgniter.php(366): CodeIgniter\CodeIgniter->handleRequest(NULL, Object(Config\Cache), false)
#10 C:\wamp64\www\web.local\public\index.php(67): CodeIgniter\CodeIgniter->run()
#11 C:\wamp64\www\web.local\system\Commands\Server\rewrite.php(47): require_once('C:\\wamp64\\www\\w...')
#12 {main}
CRITICAL - 2025-04-21 16:32:52 --> Table 'cadastros.produtos' doesn't exist
in SYSTEMPATH\Database\MySQLi\Connection.php on line 295.
 1 SYSTEMPATH\Database\MySQLi\Connection.php(295): mysqli->query('SELECT *
FROM `produtos`', 0)
 2 SYSTEMPATH\Database\BaseConnection.php(692): CodeIgniter\Database\MySQLi\Connection->execute('SELECT *
FROM `produtos`')
 3 SYSTEMPATH\Database\BaseConnection.php(606): CodeIgniter\Database\BaseConnection->simpleQuery('SELECT *
FROM `produtos`')
 4 SYSTEMPATH\Database\BaseBuilder.php(1616): CodeIgniter\Database\BaseConnection->query('SELECT *
FROM `produtos`', [], false)
 5 SYSTEMPATH\Model.php(241): CodeIgniter\Database\BaseBuilder->get()
 6 SYSTEMPATH\BaseModel.php(618): CodeIgniter\Model->doFindAll(0, 0)
 7 APPPATH\Controllers\Produtos.php(15): CodeIgniter\BaseModel->findAll()
 8 SYSTEMPATH\CodeIgniter.php(932): App\Controllers\Produtos->listar()
 9 SYSTEMPATH\CodeIgniter.php(497): CodeIgniter\CodeIgniter->runController(Object(App\Controllers\Produtos))
10 SYSTEMPATH\CodeIgniter.php(366): CodeIgniter\CodeIgniter->handleRequest(null, Object(Config\Cache), false)
11 FCPATH\index.php(67): CodeIgniter\CodeIgniter->run()
12 SYSTEMPATH\Commands\Server\rewrite.php(47): require_once('C:\\wamp64\\www\\web.local\\public\\index.php')
CRITICAL - 2025-04-21 18:27:16 --> Cannot assign App\Models\LoginModel to property CodeIgniter\Shield\Authentication\Authenticators\Session::$loginModel of type CodeIgniter\Shield\Models\LoginModel
in VENDORPATH\codeigniter4\shield\src\Authentication\Authenticators\Session.php on line 87.
 1 VENDORPATH\codeigniter4\shield\src\Authentication\Authentication.php(67): CodeIgniter\Shield\Authentication\Authenticators\Session->__construct(Object(CodeIgniter\Shield\Models\UserModel))
 2 VENDORPATH\codeigniter4\shield\src\Auth.php(95): CodeIgniter\Shield\Authentication\Authentication->factory('session')
 3 VENDORPATH\codeigniter4\shield\src\Collectors\Auth.php(68): CodeIgniter\Shield\Auth->getAuthenticator()
 4 SYSTEMPATH\Debug\Toolbar\Collectors\BaseCollector.php(221): CodeIgniter\Shield\Collectors\Auth->getTitleDetails()
 5 SYSTEMPATH\Debug\Toolbar.php(93): CodeIgniter\Debug\Toolbar\Collectors\BaseCollector->getAsArray()
 6 SYSTEMPATH\Debug\Toolbar.php(370): CodeIgniter\Debug\Toolbar->run(1745260036.518059, 0.069, Object(CodeIgniter\HTTP\IncomingRequest), Object(CodeIgniter\HTTP\Response))
 7 SYSTEMPATH\Filters\DebugToolbar.php(40): CodeIgniter\Debug\Toolbar->prepare(Object(CodeIgniter\HTTP\IncomingRequest), Object(CodeIgniter\HTTP\Response))
 8 SYSTEMPATH\Filters\Filters.php(196): CodeIgniter\Filters\DebugToolbar->after(Object(CodeIgniter\HTTP\IncomingRequest), Object(CodeIgniter\HTTP\Response), null)
 9 SYSTEMPATH\CodeIgniter.php(517): CodeIgniter\Filters\Filters->run('login', 'after')
10 SYSTEMPATH\CodeIgniter.php(366): CodeIgniter\CodeIgniter->handleRequest(null, Object(Config\Cache), false)
11 FCPATH\index.php(67): CodeIgniter\CodeIgniter->run()
12 SYSTEMPATH\Commands\Server\rewrite.php(47): require_once('C:\\wamp64\\www\\web.local\\public\\index.php')
CRITICAL - 2025-04-21 18:27:18 --> Cannot assign App\Models\LoginModel to property CodeIgniter\Shield\Authentication\Authenticators\Session::$loginModel of type CodeIgniter\Shield\Models\LoginModel
in VENDORPATH\codeigniter4\shield\src\Authentication\Authenticators\Session.php on line 87.
 1 VENDORPATH\codeigniter4\shield\src\Authentication\Authentication.php(67): CodeIgniter\Shield\Authentication\Authenticators\Session->__construct(Object(CodeIgniter\Shield\Models\UserModel))
 2 VENDORPATH\codeigniter4\shield\src\Auth.php(95): CodeIgniter\Shield\Authentication\Authentication->factory('session')
 3 VENDORPATH\codeigniter4\shield\src\Collectors\Auth.php(68): CodeIgniter\Shield\Auth->getAuthenticator()
 4 SYSTEMPATH\Debug\Toolbar\Collectors\BaseCollector.php(221): CodeIgniter\Shield\Collectors\Auth->getTitleDetails()
 5 SYSTEMPATH\Debug\Toolbar.php(93): CodeIgniter\Debug\Toolbar\Collectors\BaseCollector->getAsArray()
 6 SYSTEMPATH\Debug\Toolbar.php(370): CodeIgniter\Debug\Toolbar->run(1745260038.099379, 0.0274, Object(CodeIgniter\HTTP\IncomingRequest), Object(CodeIgniter\HTTP\Response))
 7 SYSTEMPATH\Filters\DebugToolbar.php(40): CodeIgniter\Debug\Toolbar->prepare(Object(CodeIgniter\HTTP\IncomingRequest), Object(CodeIgniter\HTTP\Response))
 8 SYSTEMPATH\Filters\Filters.php(196): CodeIgniter\Filters\DebugToolbar->after(Object(CodeIgniter\HTTP\IncomingRequest), Object(CodeIgniter\HTTP\Response), null)
 9 SYSTEMPATH\CodeIgniter.php(517): CodeIgniter\Filters\Filters->run('login', 'after')
10 SYSTEMPATH\CodeIgniter.php(366): CodeIgniter\CodeIgniter->handleRequest(null, Object(Config\Cache), false)
11 FCPATH\index.php(67): CodeIgniter\CodeIgniter->run()
12 SYSTEMPATH\Commands\Server\rewrite.php(47): require_once('C:\\wamp64\\www\\web.local\\public\\index.php')
CRITICAL - 2025-04-21 18:28:05 --> Cannot assign App\Models\LoginModel to property CodeIgniter\Shield\Authentication\Authenticators\Session::$loginModel of type CodeIgniter\Shield\Models\LoginModel
in VENDORPATH\codeigniter4\shield\src\Authentication\Authenticators\Session.php on line 87.
 1 VENDORPATH\codeigniter4\shield\src\Authentication\Authentication.php(67): CodeIgniter\Shield\Authentication\Authenticators\Session->__construct(Object(CodeIgniter\Shield\Models\UserModel))
 2 VENDORPATH\codeigniter4\shield\src\Auth.php(95): CodeIgniter\Shield\Authentication\Authentication->factory('session')
 3 VENDORPATH\codeigniter4\shield\src\Collectors\Auth.php(68): CodeIgniter\Shield\Auth->getAuthenticator()
 4 SYSTEMPATH\Debug\Toolbar\Collectors\BaseCollector.php(221): CodeIgniter\Shield\Collectors\Auth->getTitleDetails()
 5 SYSTEMPATH\Debug\Toolbar.php(93): CodeIgniter\Debug\Toolbar\Collectors\BaseCollector->getAsArray()
 6 SYSTEMPATH\Debug\Toolbar.php(370): CodeIgniter\Debug\Toolbar->run(1745260085.232872, 0.0286, Object(CodeIgniter\HTTP\IncomingRequest), Object(CodeIgniter\HTTP\RedirectResponse))
 7 SYSTEMPATH\Filters\DebugToolbar.php(40): CodeIgniter\Debug\Toolbar->prepare(Object(CodeIgniter\HTTP\IncomingRequest), Object(CodeIgniter\HTTP\RedirectResponse))
 8 SYSTEMPATH\Filters\Filters.php(196): CodeIgniter\Filters\DebugToolbar->after(Object(CodeIgniter\HTTP\IncomingRequest), Object(CodeIgniter\HTTP\RedirectResponse), null)
 9 SYSTEMPATH\CodeIgniter.php(517): CodeIgniter\Filters\Filters->run('/', 'after')
10 SYSTEMPATH\CodeIgniter.php(366): CodeIgniter\CodeIgniter->handleRequest(null, Object(Config\Cache), false)
11 FCPATH\index.php(67): CodeIgniter\CodeIgniter->run()
12 SYSTEMPATH\Commands\Server\rewrite.php(47): require_once('C:\\wamp64\\www\\web.local\\public\\index.php')
CRITICAL - 2025-04-21 18:28:05 --> Cannot assign App\Models\LoginModel to property CodeIgniter\Shield\Authentication\Authenticators\Session::$loginModel of type CodeIgniter\Shield\Models\LoginModel
in VENDORPATH\codeigniter4\shield\src\Authentication\Authenticators\Session.php on line 87.
 1 VENDORPATH\codeigniter4\shield\src\Authentication\Authentication.php(67): CodeIgniter\Shield\Authentication\Authenticators\Session->__construct(Object(CodeIgniter\Shield\Models\UserModel))
 2 VENDORPATH\codeigniter4\shield\src\Auth.php(95): CodeIgniter\Shield\Authentication\Authentication->factory('session')
 3 VENDORPATH\codeigniter4\shield\src\Collectors\Auth.php(68): CodeIgniter\Shield\Auth->getAuthenticator()
 4 SYSTEMPATH\Debug\Toolbar\Collectors\BaseCollector.php(221): CodeIgniter\Shield\Collectors\Auth->getTitleDetails()
 5 SYSTEMPATH\Debug\Toolbar.php(93): CodeIgniter\Debug\Toolbar\Collectors\BaseCollector->getAsArray()
 6 SYSTEMPATH\Debug\Toolbar.php(370): CodeIgniter\Debug\Toolbar->run(1745260085.383419, 0.0246, Object(CodeIgniter\HTTP\IncomingRequest), Object(CodeIgniter\HTTP\RedirectResponse))
 7 SYSTEMPATH\Filters\DebugToolbar.php(40): CodeIgniter\Debug\Toolbar->prepare(Object(CodeIgniter\HTTP\IncomingRequest), Object(CodeIgniter\HTTP\RedirectResponse))
 8 SYSTEMPATH\Filters\Filters.php(196): CodeIgniter\Filters\DebugToolbar->after(Object(CodeIgniter\HTTP\IncomingRequest), Object(CodeIgniter\HTTP\RedirectResponse), null)
 9 SYSTEMPATH\CodeIgniter.php(517): CodeIgniter\Filters\Filters->run('/', 'after')
10 SYSTEMPATH\CodeIgniter.php(366): CodeIgniter\CodeIgniter->handleRequest(null, Object(Config\Cache), false)
11 FCPATH\index.php(67): CodeIgniter\CodeIgniter->run()
12 SYSTEMPATH\Commands\Server\rewrite.php(47): require_once('C:\\wamp64\\www\\web.local\\public\\index.php')
